The target system is: Android - 1 - i686
The host system is: Darwin - 21.3.0 - x86_64
Detecting C compiler ABI info compiled with the following output:
Change Dir: /Users/hokuma/Desktop/CG/app/.cxx/Debug/q6s61309/x86/CMakeFiles/CMakeTmp

Run Build Command(s):/Users/hokuma/Library/Android/sdk/cmake/3.18.1/bin/ninja cmTC_4edf3 && [1/2] Building C object CMakeFiles/cmTC_4edf3.dir/CMakeCCompilerABI.c.o
Android (5058415 based on r339409) clang version 8.0.2 (https://android.googlesource.com/toolchain/clang 40173bab62ec746213857d083c0e8b0abb568790) (https://android.googlesource.com/toolchain/llvm 7a6618d69e7e8111e1d49dc9e7813767c5ca756a) (based on LLVM 8.0.2svn)
Target: i686-none-linux-android16
Thread model: posix
InstalledDir: /Users/hokuma/Library/Android/sdk/ndk/19.2.5345600/toolchains/llvm/prebuilt/darwin-x86_64/bin
Found candidate GCC installation: /Users/hokuma/Library/Android/sdk/ndk/19.2.5345600/toolchains/llvm/prebuilt/darwin-x86_64/lib/gcc/i686-linux-android/4.9.x
Found candidate GCC installation: /Users/hokuma/Library/Android/sdk/ndk/19.2.5345600/toolchains/llvm/prebuilt/darwin-x86_64/lib/gcc/x86_64-linux-android/4.9.x
Selected GCC installation: /Users/hokuma/Library/Android/sdk/ndk/19.2.5345600/toolchains/llvm/prebuilt/darwin-x86_64/lib/gcc/i686-linux-android/4.9.x
Candidate multilib: .;@m32
Selected multilib: .;@m32
 "/Users/hokuma/Library/Android/sdk/ndk/19.2.5345600/toolchains/llvm/prebuilt/darwin-x86_64/bin/clang" -cc1 -triple i686-none-linux-android16 -emit-obj -mrelax-all -mnoexecstack -disable-free -disable-llvm-verifier -discard-value-names -main-file-name CMakeCCompilerABI.c -mrelocation-model pic -pic-level 2 -pic-is-pie -mthread-model posix -mdisable-fp-elim -fmath-errno -masm-verbose -mconstructor-aliases -munwind-tables -fuse-init-array -target-cpu i686 -target-feature +ssse3 -dwarf-column-info -debug-info-kind=limited -dwarf-version=4 -debugger-tuning=gdb -target-linker-version 241.9 -v -ffunction-sections -fdata-sections -coverage-notes-file /Users/hokuma/Desktop/CG/app/.cxx/Debug/q6s61309/x86/CMakeFiles/CMakeTmp/CMakeFiles/cmTC_4edf3.dir/CMakeCCompilerABI.c.gcno -resource-dir /Users/hokuma/Library/Android/sdk/ndk/19.2.5345600/toolchains/llvm/prebuilt/darwin-x86_64/lib64/clang/8.0.2 -dependency-file CMakeFiles/cmTC_4edf3.dir/CMakeCCompilerABI.c.o.d -sys-header-deps -MT CMakeFiles/cmTC_4edf3.dir/CMakeCCompilerABI.c.o -D ANDROID -isysroot /Users/hokuma/Library/Android/sdk/ndk/19.2.5345600/toolchains/llvm/prebuilt/darwin-x86_64/sysroot -internal-isystem /Users/hokuma/Library/Android/sdk/ndk/19.2.5345600/toolchains/llvm/prebuilt/darwin-x86_64/sysroot/usr/local/include -internal-isystem /Users/hokuma/Library/Android/sdk/ndk/19.2.5345600/toolchains/llvm/prebuilt/darwin-x86_64/lib64/clang/8.0.2/include -internal-externc-isystem /Users/hokuma/Library/Android/sdk/ndk/19.2.5345600/toolchains/llvm/prebuilt/darwin-x86_64/sysroot/usr/include/i686-linux-android -internal-externc-isystem /Users/hokuma/Library/Android/sdk/ndk/19.2.5345600/toolchains/llvm/prebuilt/darwin-x86_64/sysroot/include -internal-externc-isystem /Users/hokuma/Library/Android/sdk/ndk/19.2.5345600/toolchains/llvm/prebuilt/darwin-x86_64/sysroot/usr/include -Wformat -fdebug-compilation-dir /Users/hokuma/Desktop/CG/app/.cxx/Debug/q6s61309/x86/CMakeFiles/CMakeTmp -ferror-limit 19 -fmessage-length 0 -stack-protector 2 -mstackrealign -fobjc-runtime=gcc -fdiagnostics-show-option -o CMakeFiles/cmTC_4edf3.dir/CMakeCCompilerABI.c.o -x c /Users/hokuma/Library/Android/sdk/cmake/3.18.1/share/cmake-3.18/Modules/CMakeCCompilerABI.c
clang -cc1 version 8.0.2 based upon LLVM 8.0.2svn default target x86_64-apple-darwin21.3.0
ignoring nonexistent directory "/Users/hokuma/Library/Android/sdk/ndk/19.2.5345600/toolchains/llvm/prebuilt/darwin-x86_64/sysroot/include"
#include "..." search starts here:
#include <...> search starts here:
 /Users/hokuma/Library/Android/sdk/ndk/19.2.5345600/toolchains/llvm/prebuilt/darwin-x86_64/sysroot/usr/local/include
 /Users/hokuma/Library/Android/sdk/ndk/19.2.5345600/toolchains/llvm/prebuilt/darwin-x86_64/lib64/clang/8.0.2/include
 /Users/hokuma/Library/Android/sdk/ndk/19.2.5345600/toolchains/llvm/prebuilt/darwin-x86_64/sysroot/usr/include/i686-linux-android
 /Users/hokuma/Library/Android/sdk/ndk/19.2.5345600/toolchains/llvm/prebuilt/darwin-x86_64/sysroot/usr/include
End of search list.
[2/2] Linking C executable cmTC_4edf3
Android (5058415 based on r339409) clang version 8.0.2 (https://android.googlesource.com/toolchain/clang 40173bab62ec746213857d083c0e8b0abb568790) (https://android.googlesource.com/toolchain/llvm 7a6618d69e7e8111e1d49dc9e7813767c5ca756a) (based on LLVM 8.0.2svn)
Target: i686-none-linux-android16
Thread model: posix
InstalledDir: /Users/hokuma/Library/Android/sdk/ndk/19.2.5345600/toolchains/llvm/prebuilt/darwin-x86_64/bin
Found candidate GCC installation: /Users/hokuma/Library/Android/sdk/ndk/19.2.5345600/toolchains/llvm/prebuilt/darwin-x86_64/lib/gcc/i686-linux-android/4.9.x
Found candidate GCC installation: /Users/hokuma/Library/Android/sdk/ndk/19.2.5345600/toolchains/llvm/prebuilt/darwin-x86_64/lib/gcc/x86_64-linux-android/4.9.x
Selected GCC installation: /Users/hokuma/Library/Android/sdk/ndk/19.2.5345600/toolchains/llvm/prebuilt/darwin-x86_64/lib/gcc/i686-linux-android/4.9.x
Candidate multilib: .;@m32
Selected multilib: .;@m32
 "/Users/hokuma/Library/Android/sdk/ndk/19.2.5345600/toolchains/llvm/prebuilt/darwin-x86_64/lib/gcc/i686-linux-android/4.9.x/../../../../i686-linux-android/bin/ld" --sysroot=/Users/hokuma/Library/Android/sdk/ndk/19.2.5345600/toolchains/llvm/prebuilt/darwin-x86_64/sysroot -pie --enable-new-dtags --eh-frame-hdr -m elf_i386 -dynamic-linker /system/bin/linker -o cmTC_4edf3 /Users/hokuma/Library/Android/sdk/ndk/19.2.5345600/toolchains/llvm/prebuilt/darwin-x86_64/sysroot/usr/lib/i686-linux-android/16/crtbegin_dynamic.o -L/Users/hokuma/Library/Android/sdk/ndk/19.2.5345600/toolchains/llvm/prebuilt/darwin-x86_64/lib64/clang/8.0.2/lib/linux/i386 -L/Users/hokuma/Library/Android/sdk/ndk/19.2.5345600/toolchains/llvm/prebuilt/darwin-x86_64/lib/gcc/i686-linux-android/4.9.x -L/Users/hokuma/Library/Android/sdk/ndk/19.2.5345600/toolchains/llvm/prebuilt/darwin-x86_64/sysroot/usr/lib/i686-linux-android/16 -L/Users/hokuma/Library/Android/sdk/ndk/19.2.5345600/toolchains/llvm/prebuilt/darwin-x86_64/sysroot/usr/lib/i686-linux-android -L/Users/hokuma/Library/Android/sdk/ndk/19.2.5345600/toolchains/llvm/prebuilt/darwin-x86_64/lib/gcc/i686-linux-android/4.9.x/../../../../i686-linux-android/lib -L/Users/hokuma/Library/Android/sdk/ndk/19.2.5345600/toolchains/llvm/prebuilt/darwin-x86_64/sysroot/usr/lib --exclude-libs libgcc.a --exclude-libs libatomic.a --build-id --warn-shared-textrel --fatal-warnings --no-undefined -z noexecstack -z relro -z now --gc-sections CMakeFiles/cmTC_4edf3.dir/CMakeCCompilerABI.c.o -lgcc -ldl -lc -lgcc -ldl /Users/hokuma/Library/Android/sdk/ndk/19.2.5345600/toolchains/llvm/prebuilt/darwin-x86_64/sysroot/usr/lib/i686-linux-android/16/crtend_android.o



Parsed C implicit include dir info from above output: rv=done
  found start of include info
  found start of implicit include info
    add: [/Users/hokuma/Library/Android/sdk/ndk/19.2.5345600/toolchains/llvm/prebuilt/darwin-x86_64/sysroot/usr/local/include]
    add: [/Users/hokuma/Library/Android/sdk/ndk/19.2.5345600/toolchains/llvm/prebuilt/darwin-x86_64/lib64/clang/8.0.2/include]
    add: [/Users/hokuma/Library/Android/sdk/ndk/19.2.5345600/toolchains/llvm/prebuilt/darwin-x86_64/sysroot/usr/include/i686-linux-android]
    add: [/Users/hokuma/Library/Android/sdk/ndk/19.2.5345600/toolchains/llvm/prebuilt/darwin-x86_64/sysroot/usr/include]
  end of search list found
  collapse include dir [/Users/hokuma/Library/Android/sdk/ndk/19.2.5345600/toolchains/llvm/prebuilt/darwin-x86_64/sysroot/usr/local/include] ==> [/Users/hokuma/Library/Android/sdk/ndk/19.2.5345600/toolchains/llvm/prebuilt/darwin-x86_64/sysroot/usr/local/include]
  collapse include dir [/Users/hokuma/Library/Android/sdk/ndk/19.2.5345600/toolchains/llvm/prebuilt/darwin-x86_64/lib64/clang/8.0.2/include] ==> [/Users/hokuma/Library/Android/sdk/ndk/19.2.5345600/toolchains/llvm/prebuilt/darwin-x86_64/lib64/clang/8.0.2/include]
  collapse include dir [/Users/hokuma/Library/Android/sdk/ndk/19.2.5345600/toolchains/llvm/prebuilt/darwin-x86_64/sysroot/usr/include/i686-linux-android] ==> [/Users/hokuma/Library/Android/sdk/ndk/19.2.5345600/toolchains/llvm/prebuilt/darwin-x86_64/sysroot/usr/include/i686-linux-android]
  collapse include dir [/Users/hokuma/Library/Android/sdk/ndk/19.2.5345600/toolchains/llvm/prebuilt/darwin-x86_64/sysroot/usr/include] ==> [/Users/hokuma/Library/Android/sdk/ndk/19.2.5345600/toolchains/llvm/prebuilt/darwin-x86_64/sysroot/usr/include]
  implicit include dirs: [/Users/hokuma/Library/Android/sdk/ndk/19.2.5345600/toolchains/llvm/prebuilt/darwin-x86_64/sysroot/usr/local/include;/Users/hokuma/Library/Android/sdk/ndk/19.2.5345600/toolchains/llvm/prebuilt/darwin-x86_64/lib64/clang/8.0.2/include;/Users/hokuma/Library/Android/sdk/ndk/19.2.5345600/toolchains/llvm/prebuilt/darwin-x86_64/sysroot/usr/include/i686-linux-android;/Users/hokuma/Library/Android/sdk/ndk/19.2.5345600/toolchains/llvm/prebuilt/darwin-x86_64/sysroot/usr/include]


Parsed C implicit link information from above output:
  link line regex: [^( *|.*[/\])(i686-linux-android-ld|CMAKE_LINK_STARTFILE-NOTFOUND|([^/\]+-)?ld|collect2)[^/\]*( |$)]
  ignore line: [Change Dir: /Users/hokuma/Desktop/CG/app/.cxx/Debug/q6s61309/x86/CMakeFiles/CMakeTmp]
  ignore line: []
  ignore line: [Run Build Command(s):/Users/hokuma/Library/Android/sdk/cmake/3.18.1/bin/ninja cmTC_4edf3 && [1/2] Building C object CMakeFiles/cmTC_4edf3.dir/CMakeCCompilerABI.c.o]
  ignore line: [Android (5058415 based on r339409) clang version 8.0.2 (https://android.googlesource.com/toolchain/clang 40173bab62ec746213857d083c0e8b0abb568790) (https://android.googlesource.com/toolchain/llvm 7a6618d69e7e8111e1d49dc9e7813767c5ca756a) (based on LLVM 8.0.2svn)]
  ignore line: [Target: i686-none-linux-android16]
  ignore line: [Thread model: posix]
  ignore line: [InstalledDir: /Users/hokuma/Library/Android/sdk/ndk/19.2.5345600/toolchains/llvm/prebuilt/darwin-x86_64/bin]
  ignore line: [Found candidate GCC installation: /Users/hokuma/Library/Android/sdk/ndk/19.2.5345600/toolchains/llvm/prebuilt/darwin-x86_64/lib/gcc/i686-linux-android/4.9.x]
  ignore line: [Found candidate GCC installation: /Users/hokuma/Library/Android/sdk/ndk/19.2.5345600/toolchains/llvm/prebuilt/darwin-x86_64/lib/gcc/x86_64-linux-android/4.9.x]
  ignore line: [Selected GCC installation: /Users/hokuma/Library/Android/sdk/ndk/19.2.5345600/toolchains/llvm/prebuilt/darwin-x86_64/lib/gcc/i686-linux-android/4.9.x]
  ignore line: [Candidate multilib: .]
  ignore line: [@m32]
  ignore line: [Selected multilib: .]
  ignore line: [@m32]
  ignore line: [ "/Users/hokuma/Library/Android/sdk/ndk/19.2.5345600/toolchains/llvm/prebuilt/darwin-x86_64/bin/clang" -cc1 -triple i686-none-linux-android16 -emit-obj -mrelax-all -mnoexecstack -disable-free -disable-llvm-verifier -discard-value-names -main-file-name CMakeCCompilerABI.c -mrelocation-model pic -pic-level 2 -pic-is-pie -mthread-model posix -mdisable-fp-elim -fmath-errno -masm-verbose -mconstructor-aliases -munwind-tables -fuse-init-array -target-cpu i686 -target-feature +ssse3 -dwarf-column-info -debug-info-kind=limited -dwarf-version=4 -debugger-tuning=gdb -target-linker-version 241.9 -v -ffunction-sections -fdata-sections -coverage-notes-file /Users/hokuma/Desktop/CG/app/.cxx/Debug/q6s61309/x86/CMakeFiles/CMakeTmp/CMakeFiles/cmTC_4edf3.dir/CMakeCCompilerABI.c.gcno -resource-dir /Users/hokuma/Library/Android/sdk/ndk/19.2.5345600/toolchains/llvm/prebuilt/darwin-x86_64/lib64/clang/8.0.2 -dependency-file CMakeFiles/cmTC_4edf3.dir/CMakeCCompilerABI.c.o.d -sys-header-deps -MT CMakeFiles/cmTC_4edf3.dir/CMakeCCompilerABI.c.o -D ANDROID -isysroot /Users/hokuma/Library/Android/sdk/ndk/19.2.5345600/toolchains/llvm/prebuilt/darwin-x86_64/sysroot -internal-isystem /Users/hokuma/Library/Android/sdk/ndk/19.2.5345600/toolchains/llvm/prebuilt/darwin-x86_64/sysroot/usr/local/include -internal-isystem /Users/hokuma/Library/Android/sdk/ndk/19.2.5345600/toolchains/llvm/prebuilt/darwin-x86_64/lib64/clang/8.0.2/include -internal-externc-isystem /Users/hokuma/Library/Android/sdk/ndk/19.2.5345600/toolchains/llvm/prebuilt/darwin-x86_64/sysroot/usr/include/i686-linux-android -internal-externc-isystem /Users/hokuma/Library/Android/sdk/ndk/19.2.5345600/toolchains/llvm/prebuilt/darwin-x86_64/sysroot/include -internal-externc-isystem /Users/hokuma/Library/Android/sdk/ndk/19.2.5345600/toolchains/llvm/prebuilt/darwin-x86_64/sysroot/usr/include -Wformat -fdebug-compilation-dir /Users/hokuma/Desktop/CG/app/.cxx/Debug/q6s61309/x86/CMakeFiles/CMakeTmp -ferror-limit 19 -fmessage-length 0 -stack-protector 2 -mstackrealign -fobjc-runtime=gcc -fdiagnostics-show-option -o CMakeFiles/cmTC_4edf3.dir/CMakeCCompilerABI.c.o -x c /Users/hokuma/Library/Android/sdk/cmake/3.18.1/share/cmake-3.18/Modules/CMakeCCompilerABI.c]
  ignore line: [clang -cc1 version 8.0.2 based upon LLVM 8.0.2svn default target x86_64-apple-darwin21.3.0]
  ignore line: [ignoring nonexistent directory "/Users/hokuma/Library/Android/sdk/ndk/19.2.5345600/toolchains/llvm/prebuilt/darwin-x86_64/sysroot/include"]
  ignore line: [#include "..." search starts here:]
  ignore line: [#include <...> search starts here:]
  ignore line: [ /Users/hokuma/Library/Android/sdk/ndk/19.2.5345600/toolchains/llvm/prebuilt/darwin-x86_64/sysroot/usr/local/include]
  ignore line: [ /Users/hokuma/Library/Android/sdk/ndk/19.2.5345600/toolchains/llvm/prebuilt/darwin-x86_64/lib64/clang/8.0.2/include]
  ignore line: [ /Users/hokuma/Library/Android/sdk/ndk/19.2.5345600/toolchains/llvm/prebuilt/darwin-x86_64/sysroot/usr/include/i686-linux-android]
  ignore line: [ /Users/hokuma/Library/Android/sdk/ndk/19.2.5345600/toolchains/llvm/prebuilt/darwin-x86_64/sysroot/usr/include]
  ignore line: [End of search list.]
  ignore line: [[2/2] Linking C executable cmTC_4edf3]
  ignore line: [Android (5058415 based on r339409) clang version 8.0.2 (https://android.googlesource.com/toolchain/clang 40173bab62ec746213857d083c0e8b0abb568790) (https://android.googlesource.com/toolchain/llvm 7a6618d69e7e8111e1d49dc9e7813767c5ca756a) (based on LLVM 8.0.2svn)]
  ignore line: [Target: i686-none-linux-android16]
  ignore line: [Thread model: posix]
  ignore line: [InstalledDir: /Users/hokuma/Library/Android/sdk/ndk/19.2.5345600/toolchains/llvm/prebuilt/darwin-x86_64/bin]
  ignore line: [Found candidate GCC installation: /Users/hokuma/Library/Android/sdk/ndk/19.2.5345600/toolchains/llvm/prebuilt/darwin-x86_64/lib/gcc/i686-linux-android/4.9.x]
  ignore line: [Found candidate GCC installation: /Users/hokuma/Library/Android/sdk/ndk/19.2.5345600/toolchains/llvm/prebuilt/darwin-x86_64/lib/gcc/x86_64-linux-android/4.9.x]
  ignore line: [Selected GCC installation: /Users/hokuma/Library/Android/sdk/ndk/19.2.5345600/toolchains/llvm/prebuilt/darwin-x86_64/lib/gcc/i686-linux-android/4.9.x]
  ignore line: [Candidate multilib: .]
  ignore line: [@m32]
  ignore line: [Selected multilib: .]
  ignore line: [@m32]
  link line: [ "/Users/hokuma/Library/Android/sdk/ndk/19.2.5345600/toolchains/llvm/prebuilt/darwin-x86_64/lib/gcc/i686-linux-android/4.9.x/../../../../i686-linux-android/bin/ld" --sysroot=/Users/hokuma/Library/Android/sdk/ndk/19.2.5345600/toolchains/llvm/prebuilt/darwin-x86_64/sysroot -pie --enable-new-dtags --eh-frame-hdr -m elf_i386 -dynamic-linker /system/bin/linker -o cmTC_4edf3 /Users/hokuma/Library/Android/sdk/ndk/19.2.5345600/toolchains/llvm/prebuilt/darwin-x86_64/sysroot/usr/lib/i686-linux-android/16/crtbegin_dynamic.o -L/Users/hokuma/Library/Android/sdk/ndk/19.2.5345600/toolchains/llvm/prebuilt/darwin-x86_64/lib64/clang/8.0.2/lib/linux/i386 -L/Users/hokuma/Library/Android/sdk/ndk/19.2.5345600/toolchains/llvm/prebuilt/darwin-x86_64/lib/gcc/i686-linux-android/4.9.x -L/Users/hokuma/Library/Android/sdk/ndk/19.2.5345600/toolchains/llvm/prebuilt/darwin-x86_64/sysroot/usr/lib/i686-linux-android/16 -L/Users/hokuma/Library/Android/sdk/ndk/19.2.5345600/toolchains/llvm/prebuilt/darwin-x86_64/sysroot/usr/lib/i686-linux-android -L/Users/hokuma/Library/Android/sdk/ndk/19.2.5345600/toolchains/llvm/prebuilt/darwin-x86_64/lib/gcc/i686-linux-android/4.9.x/../../../../i686-linux-android/lib -L/Users/hokuma/Library/Android/sdk/ndk/19.2.5345600/toolchains/llvm/prebuilt/darwin-x86_64/sysroot/usr/lib --exclude-libs libgcc.a --exclude-libs libatomic.a --build-id --warn-shared-textrel --fatal-warnings --no-undefined -z noexecstack -z relro -z now --gc-sections CMakeFiles/cmTC_4edf3.dir/CMakeCCompilerABI.c.o -lgcc -ldl -lc -lgcc -ldl /Users/hokuma/Library/Android/sdk/ndk/19.2.5345600/toolchains/llvm/prebuilt/darwin-x86_64/sysroot/usr/lib/i686-linux-android/16/crtend_android.o]
    arg [/Users/hokuma/Library/Android/sdk/ndk/19.2.5345600/toolchains/llvm/prebuilt/darwin-x86_64/lib/gcc/i686-linux-android/4.9.x/../../../../i686-linux-android/bin/ld] ==> ignore
    arg [--sysroot=/Users/hokuma/Library/Android/sdk/ndk/19.2.5345600/toolchains/llvm/prebuilt/darwin-x86_64/sysroot] ==> ignore
    arg [-pie] ==> ignore
    arg [--enable-new-dtags] ==> ignore
    arg [--eh-frame-hdr] ==> ignore
    arg [-m] ==> ignore
    arg [elf_i386] ==> ignore
    arg [-dynamic-linker] ==> ignore
    arg [/system/bin/linker] ==> ignore
    arg [-o] ==> ignore
    arg [cmTC_4edf3] ==> ignore
    arg [/Users/hokuma/Library/Android/sdk/ndk/19.2.5345600/toolchains/llvm/prebuilt/darwin-x86_64/sysroot/usr/lib/i686-linux-android/16/crtbegin_dynamic.o] ==> ignore
    arg [-L/Users/hokuma/Library/Android/sdk/ndk/19.2.5345600/toolchains/llvm/prebuilt/darwin-x86_64/lib64/clang/8.0.2/lib/linux/i386] ==> dir [/Users/hokuma/Library/Android/sdk/ndk/19.2.5345600/toolchains/llvm/prebuilt/darwin-x86_64/lib64/clang/8.0.2/lib/linux/i386]
    arg [-L/Users/hokuma/Library/Android/sdk/ndk/19.2.5345600/toolchains/llvm/prebuilt/darwin-x86_64/lib/gcc/i686-linux-android/4.9.x] ==> dir [/Users/hokuma/Library/Android/sdk/ndk/19.2.5345600/toolchains/llvm/prebuilt/darwin-x86_64/lib/gcc/i686-linux-android/4.9.x]
    arg [-L/Users/hokuma/Library/Android/sdk/ndk/19.2.5345600/toolchains/llvm/prebuilt/darwin-x86_64/sysroot/usr/lib/i686-linux-android/16] ==> dir [/Users/hokuma/Library/Android/sdk/ndk/19.2.5345600/toolchains/llvm/prebuilt/darwin-x86_64/sysroot/usr/lib/i686-linux-android/16]
    arg [-L/Users/hokuma/Library/Android/sdk/ndk/19.2.5345600/toolchains/llvm/prebuilt/darwin-x86_64/sysroot/usr/lib/i686-linux-android] ==> dir [/Users/hokuma/Library/Android/sdk/ndk/19.2.5345600/toolchains/llvm/prebuilt/darwin-x86_64/sysroot/usr/lib/i686-linux-android]
    arg [-L/Users/hokuma/Library/Android/sdk/ndk/19.2.5345600/toolchains/llvm/prebuilt/darwin-x86_64/lib/gcc/i686-linux-android/4.9.x/../../../../i686-linux-android/lib] ==> dir [/Users/hokuma/Library/Android/sdk/ndk/19.2.5345600/toolchains/llvm/prebuilt/darwin-x86_64/lib/gcc/i686-linux-android/4.9.x/../../../../i686-linux-android/lib]
    arg [-L/Users/hokuma/Library/Android/sdk/ndk/19.2.5345600/toolchains/llvm/prebuilt/darwin-x86_64/sysroot/usr/lib] ==> dir [/Users/hokuma/Library/Android/sdk/ndk/19.2.5345600/toolchains/llvm/prebuilt/darwin-x86_64/sysroot/usr/lib]
    arg [--exclude-libs] ==> ignore
    arg [libgcc.a] ==> ignore
    arg [--exclude-libs] ==> ignore
    arg [libatomic.a] ==> ignore
    arg [--build-id] ==> ignore
    arg [--warn-shared-textrel] ==> ignore
    arg [--fatal-warnings] ==> ignore
    arg [--no-undefined] ==> ignore
    arg [-znoexecstack] ==> ignore
    arg [-zrelro] ==> ignore
    arg [-znow] ==> ignore
    arg [--gc-sections] ==> ignore
    arg [CMakeFiles/cmTC_4edf3.dir/CMakeCCompilerABI.c.o] ==> ignore
    arg [-lgcc] ==> lib [gcc]
    arg [-ldl] ==> lib [dl]
    arg [-lc] ==> lib [c]
    arg [-lgcc] ==> lib [gcc]
    arg [-ldl] ==> lib [dl]
    arg [/Users/hokuma/Library/Android/sdk/ndk/19.2.5345600/toolchains/llvm/prebuilt/darwin-x86_64/sysroot/usr/lib/i686-linux-android/16/crtend_android.o] ==> ignore
  collapse library dir [/Users/hokuma/Library/Android/sdk/ndk/19.2.5345600/toolchains/llvm/prebuilt/darwin-x86_64/lib64/clang/8.0.2/lib/linux/i386] ==> [/Users/hokuma/Library/Android/sdk/ndk/19.2.5345600/toolchains/llvm/prebuilt/darwin-x86_64/lib64/clang/8.0.2/lib/linux/i386]
  collapse library dir [/Users/hokuma/Library/Android/sdk/ndk/19.2.5345600/toolchains/llvm/prebuilt/darwin-x86_64/lib/gcc/i686-linux-android/4.9.x] ==> [/Users/hokuma/Library/Android/sdk/ndk/19.2.5345600/toolchains/llvm/prebuilt/darwin-x86_64/lib/gcc/i686-linux-android/4.9.x]
  collapse library dir [/Users/hokuma/Library/Android/sdk/ndk/19.2.5345600/toolchains/llvm/prebuilt/darwin-x86_64/sysroot/usr/lib/i686-linux-android/16] ==> [/Users/hokuma/Library/Android/sdk/ndk/19.2.5345600/toolchains/llvm/prebuilt/darwin-x86_64/sysroot/usr/lib/i686-linux-android/16]
  collapse library dir [/Users/hokuma/Library/Android/sdk/ndk/19.2.5345600/toolchains/llvm/prebuilt/darwin-x86_64/sysroot/usr/lib/i686-linux-android] ==> [/Users/hokuma/Library/Android/sdk/ndk/19.2.5345600/toolchains/llvm/prebuilt/darwin-x86_64/sysroot/usr/lib/i686-linux-android]
  collapse library dir [/Users/hokuma/Library/Android/sdk/ndk/19.2.5345600/toolchains/llvm/prebuilt/darwin-x86_64/lib/gcc/i686-linux-android/4.9.x/../../../../i686-linux-android/lib] ==> [/Users/hokuma/Library/Android/sdk/ndk/19.2.5345600/toolchains/llvm/prebuilt/darwin-x86_64/i686-linux-android/lib]
  collapse library dir [/Users/hokuma/Library/Android/sdk/ndk/19.2.5345600/toolchains/llvm/prebuilt/darwin-x86_64/sysroot/usr/lib] ==> [/Users/hokuma/Library/Android/sdk/ndk/19.2.5345600/toolchains/llvm/prebuilt/darwin-x86_64/sysroot/usr/lib]
  implicit libs: [gcc;dl;c;gcc;dl]
  implicit dirs: [/Users/hokuma/Library/Android/sdk/ndk/19.2.5345600/toolchains/llvm/prebuilt/darwin-x86_64/lib64/clang/8.0.2/lib/linux/i386;/Users/hokuma/Library/Android/sdk/ndk/19.2.5345600/toolchains/llvm/prebuilt/darwin-x86_64/lib/gcc/i686-linux-android/4.9.x;/Users/hokuma/Library/Android/sdk/ndk/19.2.5345600/toolchains/llvm/prebuilt/darwin-x86_64/sysroot/usr/lib/i686-linux-android/16;/Users/hokuma/Library/Android/sdk/ndk/19.2.5345600/toolchains/llvm/prebuilt/darwin-x86_64/sysroot/usr/lib/i686-linux-android;/Users/hokuma/Library/Android/sdk/ndk/19.2.5345600/toolchains/llvm/prebuilt/darwin-x86_64/i686-linux-android/lib;/Users/hokuma/Library/Android/sdk/ndk/19.2.5345600/toolchains/llvm/prebuilt/darwin-x86_64/sysroot/usr/lib]
  implicit fwks: []


Detecting CXX compiler ABI info compiled with the following output:
Change Dir: /Users/hokuma/Desktop/CG/app/.cxx/Debug/q6s61309/x86/CMakeFiles/CMakeTmp

Run Build Command(s):/Users/hokuma/Library/Android/sdk/cmake/3.18.1/bin/ninja cmTC_12826 && [1/2] Building CXX object CMakeFiles/cmTC_12826.dir/CMakeCXXCompilerABI.cpp.o
Android (5058415 based on r339409) clang version 8.0.2 (https://android.googlesource.com/toolchain/clang 40173bab62ec746213857d083c0e8b0abb568790) (https://android.googlesource.com/toolchain/llvm 7a6618d69e7e8111e1d49dc9e7813767c5ca756a) (based on LLVM 8.0.2svn)
Target: i686-none-linux-android16
Thread model: posix
InstalledDir: /Users/hokuma/Library/Android/sdk/ndk/19.2.5345600/toolchains/llvm/prebuilt/darwin-x86_64/bin
Found candidate GCC installation: /Users/hokuma/Library/Android/sdk/ndk/19.2.5345600/toolchains/llvm/prebuilt/darwin-x86_64/lib/gcc/i686-linux-android/4.9.x
Found candidate GCC installation: /Users/hokuma/Library/Android/sdk/ndk/19.2.5345600/toolchains/llvm/prebuilt/darwin-x86_64/lib/gcc/x86_64-linux-android/4.9.x
Selected GCC installation: /Users/hokuma/Library/Android/sdk/ndk/19.2.5345600/toolchains/llvm/prebuilt/darwin-x86_64/lib/gcc/i686-linux-android/4.9.x
Candidate multilib: .;@m32
Selected multilib: .;@m32
 "/Users/hokuma/Library/Android/sdk/ndk/19.2.5345600/toolchains/llvm/prebuilt/darwin-x86_64/bin/clang++" -cc1 -triple i686-none-linux-android16 -emit-obj -mrelax-all -mnoexecstack -disable-free -disable-llvm-verifier -discard-value-names -main-file-name CMakeCXXCompilerABI.cpp -mrelocation-model pic -pic-level 2 -pic-is-pie -mthread-model posix -mdisable-fp-elim -fmath-errno -masm-verbose -mconstructor-aliases -munwind-tables -fuse-init-array -target-cpu i686 -target-feature +ssse3 -dwarf-column-info -debug-info-kind=limited -dwarf-version=4 -debugger-tuning=gdb -target-linker-version 241.9 -v -ffunction-sections -fdata-sections -coverage-notes-file /Users/hokuma/Desktop/CG/app/.cxx/Debug/q6s61309/x86/CMakeFiles/CMakeTmp/CMakeFiles/cmTC_12826.dir/CMakeCXXCompilerABI.cpp.gcno -resource-dir /Users/hokuma/Library/Android/sdk/ndk/19.2.5345600/toolchains/llvm/prebuilt/darwin-x86_64/lib64/clang/8.0.2 -dependency-file CMakeFiles/cmTC_12826.dir/CMakeCXXCompilerABI.cpp.o.d -sys-header-deps -MT CMakeFiles/cmTC_12826.dir/CMakeCXXCompilerABI.cpp.o -D ANDROID -isysroot /Users/hokuma/Library/Android/sdk/ndk/19.2.5345600/toolchains/llvm/prebuilt/darwin-x86_64/sysroot -internal-isystem /Users/hokuma/Library/Android/sdk/ndk/19.2.5345600/toolchains/llvm/prebuilt/darwin-x86_64/sysroot/usr/include/c++/v1 -internal-isystem /Users/hokuma/Library/Android/sdk/ndk/19.2.5345600/toolchains/llvm/prebuilt/darwin-x86_64/sysroot/usr/local/include -internal-isystem /Users/hokuma/Library/Android/sdk/ndk/19.2.5345600/toolchains/llvm/prebuilt/darwin-x86_64/lib64/clang/8.0.2/include -internal-externc-isystem /Users/hokuma/Library/Android/sdk/ndk/19.2.5345600/toolchains/llvm/prebuilt/darwin-x86_64/sysroot/usr/include/i686-linux-android -internal-externc-isystem /Users/hokuma/Library/Android/sdk/ndk/19.2.5345600/toolchains/llvm/prebuilt/darwin-x86_64/sysroot/include -internal-externc-isystem /Users/hokuma/Library/Android/sdk/ndk/19.2.5345600/toolchains/llvm/prebuilt/darwin-x86_64/sysroot/usr/include -Wformat -std=c++11 -fdeprecated-macro -fdebug-compilation-dir /Users/hokuma/Desktop/CG/app/.cxx/Debug/q6s61309/x86/CMakeFiles/CMakeTmp -ferror-limit 19 -fmessage-length 0 -stack-protector 2 -mstackrealign -fobjc-runtime=gcc -fcxx-exceptions -fexceptions -fdiagnostics-show-option -o CMakeFiles/cmTC_12826.dir/CMakeCXXCompilerABI.cpp.o -x c++ /Users/hokuma/Library/Android/sdk/cmake/3.18.1/share/cmake-3.18/Modules/CMakeCXXCompilerABI.cpp
clang -cc1 version 8.0.2 based upon LLVM 8.0.2svn default target x86_64-apple-darwin21.3.0
ignoring nonexistent directory "/Users/hokuma/Library/Android/sdk/ndk/19.2.5345600/toolchains/llvm/prebuilt/darwin-x86_64/sysroot/include"
#include "..." search starts here:
#include <...> search starts here:
 /Users/hokuma/Library/Android/sdk/ndk/19.2.5345600/toolchains/llvm/prebuilt/darwin-x86_64/sysroot/usr/include/c++/v1
 /Users/hokuma/Library/Android/sdk/ndk/19.2.5345600/toolchains/llvm/prebuilt/darwin-x86_64/sysroot/usr/local/include
 /Users/hokuma/Library/Android/sdk/ndk/19.2.5345600/toolchains/llvm/prebuilt/darwin-x86_64/lib64/clang/8.0.2/include
 /Users/hokuma/Library/Android/sdk/ndk/19.2.5345600/toolchains/llvm/prebuilt/darwin-x86_64/sysroot/usr/include/i686-linux-android
 /Users/hokuma/Library/Android/sdk/ndk/19.2.5345600/toolchains/llvm/prebuilt/darwin-x86_64/sysroot/usr/include
End of search list.
[2/2] Linking CXX executable cmTC_12826
Android (5058415 based on r339409) clang version 8.0.2 (https://android.googlesource.com/toolchain/clang 40173bab62ec746213857d083c0e8b0abb568790) (https://android.googlesource.com/toolchain/llvm 7a6618d69e7e8111e1d49dc9e7813767c5ca756a) (based on LLVM 8.0.2svn)
Target: i686-none-linux-android16
Thread model: posix
InstalledDir: /Users/hokuma/Library/Android/sdk/ndk/19.2.5345600/toolchains/llvm/prebuilt/darwin-x86_64/bin
Found candidate GCC installation: /Users/hokuma/Library/Android/sdk/ndk/19.2.5345600/toolchains/llvm/prebuilt/darwin-x86_64/lib/gcc/i686-linux-android/4.9.x
Found candidate GCC installation: /Users/hokuma/Library/Android/sdk/ndk/19.2.5345600/toolchains/llvm/prebuilt/darwin-x86_64/lib/gcc/x86_64-linux-android/4.9.x
Selected GCC installation: /Users/hokuma/Library/Android/sdk/ndk/19.2.5345600/toolchains/llvm/prebuilt/darwin-x86_64/lib/gcc/i686-linux-android/4.9.x
Candidate multilib: .;@m32
Selected multilib: .;@m32
 "/Users/hokuma/Library/Android/sdk/ndk/19.2.5345600/toolchains/llvm/prebuilt/darwin-x86_64/lib/gcc/i686-linux-android/4.9.x/../../../../i686-linux-android/bin/ld" --sysroot=/Users/hokuma/Library/Android/sdk/ndk/19.2.5345600/toolchains/llvm/prebuilt/darwin-x86_64/sysroot -pie --enable-new-dtags --eh-frame-hdr -m elf_i386 -dynamic-linker /system/bin/linker -o cmTC_12826 /Users/hokuma/Library/Android/sdk/ndk/19.2.5345600/toolchains/llvm/prebuilt/darwin-x86_64/sysroot/usr/lib/i686-linux-android/16/crtbegin_dynamic.o -L/Users/hokuma/Library/Android/sdk/ndk/19.2.5345600/toolchains/llvm/prebuilt/darwin-x86_64/lib64/clang/8.0.2/lib/linux/i386 -L/Users/hokuma/Library/Android/sdk/ndk/19.2.5345600/toolchains/llvm/prebuilt/darwin-x86_64/lib/gcc/i686-linux-android/4.9.x -L/Users/hokuma/Library/Android/sdk/ndk/19.2.5345600/toolchains/llvm/prebuilt/darwin-x86_64/sysroot/usr/lib/i686-linux-android/16 -L/Users/hokuma/Library/Android/sdk/ndk/19.2.5345600/toolchains/llvm/prebuilt/darwin-x86_64/sysroot/usr/lib/i686-linux-android -L/Users/hokuma/Library/Android/sdk/ndk/19.2.5345600/toolchains/llvm/prebuilt/darwin-x86_64/lib/gcc/i686-linux-android/4.9.x/../../../../i686-linux-android/lib -L/Users/hokuma/Library/Android/sdk/ndk/19.2.5345600/toolchains/llvm/prebuilt/darwin-x86_64/sysroot/usr/lib --exclude-libs libgcc.a --exclude-libs libatomic.a --build-id --warn-shared-textrel --fatal-warnings --no-undefined -z noexecstack -z relro -z now --gc-sections CMakeFiles/cmTC_12826.dir/CMakeCXXCompilerABI.cpp.o -Bstatic -lc++ -Bdynamic -lm -lgcc -lgcc -ldl -lc -lgcc -lgcc -ldl /Users/hokuma/Library/Android/sdk/ndk/19.2.5345600/toolchains/llvm/prebuilt/darwin-x86_64/sysroot/usr/lib/i686-linux-android/16/crtend_android.o



Parsed CXX implicit include dir info from above output: rv=done
  found start of include info
  found start of implicit include info
    add: [/Users/hokuma/Library/Android/sdk/ndk/19.2.5345600/toolchains/llvm/prebuilt/darwin-x86_64/sysroot/usr/include/c++/v1]
    add: [/Users/hokuma/Library/Android/sdk/ndk/19.2.5345600/toolchains/llvm/prebuilt/darwin-x86_64/sysroot/usr/local/include]
    add: [/Users/hokuma/Library/Android/sdk/ndk/19.2.5345600/toolchains/llvm/prebuilt/darwin-x86_64/lib64/clang/8.0.2/include]
    add: [/Users/hokuma/Library/Android/sdk/ndk/19.2.5345600/toolchains/llvm/prebuilt/darwin-x86_64/sysroot/usr/include/i686-linux-android]
    add: [/Users/hokuma/Library/Android/sdk/ndk/19.2.5345600/toolchains/llvm/prebuilt/darwin-x86_64/sysroot/usr/include]
  end of search list found
  collapse include dir [/Users/hokuma/Library/Android/sdk/ndk/19.2.5345600/toolchains/llvm/prebuilt/darwin-x86_64/sysroot/usr/include/c++/v1] ==> [/Users/hokuma/Library/Android/sdk/ndk/19.2.5345600/toolchains/llvm/prebuilt/darwin-x86_64/sysroot/usr/include/c++/v1]
  collapse include dir [/Users/hokuma/Library/Android/sdk/ndk/19.2.5345600/toolchains/llvm/prebuilt/darwin-x86_64/sysroot/usr/local/include] ==> [/Users/hokuma/Library/Android/sdk/ndk/19.2.5345600/toolchains/llvm/prebuilt/darwin-x86_64/sysroot/usr/local/include]
  collapse include dir [/Users/hokuma/Library/Android/sdk/ndk/19.2.5345600/toolchains/llvm/prebuilt/darwin-x86_64/lib64/clang/8.0.2/include] ==> [/Users/hokuma/Library/Android/sdk/ndk/19.2.5345600/toolchains/llvm/prebuilt/darwin-x86_64/lib64/clang/8.0.2/include]
  collapse include dir [/Users/hokuma/Library/Android/sdk/ndk/19.2.5345600/toolchains/llvm/prebuilt/darwin-x86_64/sysroot/usr/include/i686-linux-android] ==> [/Users/hokuma/Library/Android/sdk/ndk/19.2.5345600/toolchains/llvm/prebuilt/darwin-x86_64/sysroot/usr/include/i686-linux-android]
  collapse include dir [/Users/hokuma/Library/Android/sdk/ndk/19.2.5345600/toolchains/llvm/prebuilt/darwin-x86_64/sysroot/usr/include] ==> [/Users/hokuma/Library/Android/sdk/ndk/19.2.5345600/toolchains/llvm/prebuilt/darwin-x86_64/sysroot/usr/include]
  implicit include dirs: [/Users/hokuma/Library/Android/sdk/ndk/19.2.5345600/toolchains/llvm/prebuilt/darwin-x86_64/sysroot/usr/include/c++/v1;/Users/hokuma/Library/Android/sdk/ndk/19.2.5345600/toolchains/llvm/prebuilt/darwin-x86_64/sysroot/usr/local/include;/Users/hokuma/Library/Android/sdk/ndk/19.2.5345600/toolchains/llvm/prebuilt/darwin-x86_64/lib64/clang/8.0.2/include;/Users/hokuma/Library/Android/sdk/ndk/19.2.5345600/toolchains/llvm/prebuilt/darwin-x86_64/sysroot/usr/include/i686-linux-android;/Users/hokuma/Library/Android/sdk/ndk/19.2.5345600/toolchains/llvm/prebuilt/darwin-x86_64/sysroot/usr/include]


Parsed CXX implicit link information from above output:
  link line regex: [^( *|.*[/\])(i686-linux-android-ld|CMAKE_LINK_STARTFILE-NOTFOUND|([^/\]+-)?ld|collect2)[^/\]*( |$)]
  ignore line: [Change Dir: /Users/hokuma/Desktop/CG/app/.cxx/Debug/q6s61309/x86/CMakeFiles/CMakeTmp]
  ignore line: []
  ignore line: [Run Build Command(s):/Users/hokuma/Library/Android/sdk/cmake/3.18.1/bin/ninja cmTC_12826 && [1/2] Building CXX object CMakeFiles/cmTC_12826.dir/CMakeCXXCompilerABI.cpp.o]
  ignore line: [Android (5058415 based on r339409) clang version 8.0.2 (https://android.googlesource.com/toolchain/clang 40173bab62ec746213857d083c0e8b0abb568790) (https://android.googlesource.com/toolchain/llvm 7a6618d69e7e8111e1d49dc9e7813767c5ca756a) (based on LLVM 8.0.2svn)]
  ignore line: [Target: i686-none-linux-android16]
  ignore line: [Thread model: posix]
  ignore line: [InstalledDir: /Users/hokuma/Library/Android/sdk/ndk/19.2.5345600/toolchains/llvm/prebuilt/darwin-x86_64/bin]
  ignore line: [Found candidate GCC installation: /Users/hokuma/Library/Android/sdk/ndk/19.2.5345600/toolchains/llvm/prebuilt/darwin-x86_64/lib/gcc/i686-linux-android/4.9.x]
  ignore line: [Found candidate GCC installation: /Users/hokuma/Library/Android/sdk/ndk/19.2.5345600/toolchains/llvm/prebuilt/darwin-x86_64/lib/gcc/x86_64-linux-android/4.9.x]
  ignore line: [Selected GCC installation: /Users/hokuma/Library/Android/sdk/ndk/19.2.5345600/toolchains/llvm/prebuilt/darwin-x86_64/lib/gcc/i686-linux-android/4.9.x]
  ignore line: [Candidate multilib: .]
  ignore line: [@m32]
  ignore line: [Selected multilib: .]
  ignore line: [@m32]
  ignore line: [ "/Users/hokuma/Library/Android/sdk/ndk/19.2.5345600/toolchains/llvm/prebuilt/darwin-x86_64/bin/clang++" -cc1 -triple i686-none-linux-android16 -emit-obj -mrelax-all -mnoexecstack -disable-free -disable-llvm-verifier -discard-value-names -main-file-name CMakeCXXCompilerABI.cpp -mrelocation-model pic -pic-level 2 -pic-is-pie -mthread-model posix -mdisable-fp-elim -fmath-errno -masm-verbose -mconstructor-aliases -munwind-tables -fuse-init-array -target-cpu i686 -target-feature +ssse3 -dwarf-column-info -debug-info-kind=limited -dwarf-version=4 -debugger-tuning=gdb -target-linker-version 241.9 -v -ffunction-sections -fdata-sections -coverage-notes-file /Users/hokuma/Desktop/CG/app/.cxx/Debug/q6s61309/x86/CMakeFiles/CMakeTmp/CMakeFiles/cmTC_12826.dir/CMakeCXXCompilerABI.cpp.gcno -resource-dir /Users/hokuma/Library/Android/sdk/ndk/19.2.5345600/toolchains/llvm/prebuilt/darwin-x86_64/lib64/clang/8.0.2 -dependency-file CMakeFiles/cmTC_12826.dir/CMakeCXXCompilerABI.cpp.o.d -sys-header-deps -MT CMakeFiles/cmTC_12826.dir/CMakeCXXCompilerABI.cpp.o -D ANDROID -isysroot /Users/hokuma/Library/Android/sdk/ndk/19.2.5345600/toolchains/llvm/prebuilt/darwin-x86_64/sysroot -internal-isystem /Users/hokuma/Library/Android/sdk/ndk/19.2.5345600/toolchains/llvm/prebuilt/darwin-x86_64/sysroot/usr/include/c++/v1 -internal-isystem /Users/hokuma/Library/Android/sdk/ndk/19.2.5345600/toolchains/llvm/prebuilt/darwin-x86_64/sysroot/usr/local/include -internal-isystem /Users/hokuma/Library/Android/sdk/ndk/19.2.5345600/toolchains/llvm/prebuilt/darwin-x86_64/lib64/clang/8.0.2/include -internal-externc-isystem /Users/hokuma/Library/Android/sdk/ndk/19.2.5345600/toolchains/llvm/prebuilt/darwin-x86_64/sysroot/usr/include/i686-linux-android -internal-externc-isystem /Users/hokuma/Library/Android/sdk/ndk/19.2.5345600/toolchains/llvm/prebuilt/darwin-x86_64/sysroot/include -internal-externc-isystem /Users/hokuma/Library/Android/sdk/ndk/19.2.5345600/toolchains/llvm/prebuilt/darwin-x86_64/sysroot/usr/include -Wformat -std=c++11 -fdeprecated-macro -fdebug-compilation-dir /Users/hokuma/Desktop/CG/app/.cxx/Debug/q6s61309/x86/CMakeFiles/CMakeTmp -ferror-limit 19 -fmessage-length 0 -stack-protector 2 -mstackrealign -fobjc-runtime=gcc -fcxx-exceptions -fexceptions -fdiagnostics-show-option -o CMakeFiles/cmTC_12826.dir/CMakeCXXCompilerABI.cpp.o -x c++ /Users/hokuma/Library/Android/sdk/cmake/3.18.1/share/cmake-3.18/Modules/CMakeCXXCompilerABI.cpp]
  ignore line: [clang -cc1 version 8.0.2 based upon LLVM 8.0.2svn default target x86_64-apple-darwin21.3.0]
  ignore line: [ignoring nonexistent directory "/Users/hokuma/Library/Android/sdk/ndk/19.2.5345600/toolchains/llvm/prebuilt/darwin-x86_64/sysroot/include"]
  ignore line: [#include "..." search starts here:]
  ignore line: [#include <...> search starts here:]
  ignore line: [ /Users/hokuma/Library/Android/sdk/ndk/19.2.5345600/toolchains/llvm/prebuilt/darwin-x86_64/sysroot/usr/include/c++/v1]
  ignore line: [ /Users/hokuma/Library/Android/sdk/ndk/19.2.5345600/toolchains/llvm/prebuilt/darwin-x86_64/sysroot/usr/local/include]
  ignore line: [ /Users/hokuma/Library/Android/sdk/ndk/19.2.5345600/toolchains/llvm/prebuilt/darwin-x86_64/lib64/clang/8.0.2/include]
  ignore line: [ /Users/hokuma/Library/Android/sdk/ndk/19.2.5345600/toolchains/llvm/prebuilt/darwin-x86_64/sysroot/usr/include/i686-linux-android]
  ignore line: [ /Users/hokuma/Library/Android/sdk/ndk/19.2.5345600/toolchains/llvm/prebuilt/darwin-x86_64/sysroot/usr/include]
  ignore line: [End of search list.]
  ignore line: [[2/2] Linking CXX executable cmTC_12826]
  ignore line: [Android (5058415 based on r339409) clang version 8.0.2 (https://android.googlesource.com/toolchain/clang 40173bab62ec746213857d083c0e8b0abb568790) (https://android.googlesource.com/toolchain/llvm 7a6618d69e7e8111e1d49dc9e7813767c5ca756a) (based on LLVM 8.0.2svn)]
  ignore line: [Target: i686-none-linux-android16]
  ignore line: [Thread model: posix]
  ignore line: [InstalledDir: /Users/hokuma/Library/Android/sdk/ndk/19.2.5345600/toolchains/llvm/prebuilt/darwin-x86_64/bin]
  ignore line: [Found candidate GCC installation: /Users/hokuma/Library/Android/sdk/ndk/19.2.5345600/toolchains/llvm/prebuilt/darwin-x86_64/lib/gcc/i686-linux-android/4.9.x]
  ignore line: [Found candidate GCC installation: /Users/hokuma/Library/Android/sdk/ndk/19.2.5345600/toolchains/llvm/prebuilt/darwin-x86_64/lib/gcc/x86_64-linux-android/4.9.x]
  ignore line: [Selected GCC installation: /Users/hokuma/Library/Android/sdk/ndk/19.2.5345600/toolchains/llvm/prebuilt/darwin-x86_64/lib/gcc/i686-linux-android/4.9.x]
  ignore line: [Candidate multilib: .]
  ignore line: [@m32]
  ignore line: [Selected multilib: .]
  ignore line: [@m32]
  link line: [ "/Users/hokuma/Library/Android/sdk/ndk/19.2.5345600/toolchains/llvm/prebuilt/darwin-x86_64/lib/gcc/i686-linux-android/4.9.x/../../../../i686-linux-android/bin/ld" --sysroot=/Users/hokuma/Library/Android/sdk/ndk/19.2.5345600/toolchains/llvm/prebuilt/darwin-x86_64/sysroot -pie --enable-new-dtags --eh-frame-hdr -m elf_i386 -dynamic-linker /system/bin/linker -o cmTC_12826 /Users/hokuma/Library/Android/sdk/ndk/19.2.5345600/toolchains/llvm/prebuilt/darwin-x86_64/sysroot/usr/lib/i686-linux-android/16/crtbegin_dynamic.o -L/Users/hokuma/Library/Android/sdk/ndk/19.2.5345600/toolchains/llvm/prebuilt/darwin-x86_64/lib64/clang/8.0.2/lib/linux/i386 -L/Users/hokuma/Library/Android/sdk/ndk/19.2.5345600/toolchains/llvm/prebuilt/darwin-x86_64/lib/gcc/i686-linux-android/4.9.x -L/Users/hokuma/Library/Android/sdk/ndk/19.2.5345600/toolchains/llvm/prebuilt/darwin-x86_64/sysroot/usr/lib/i686-linux-android/16 -L/Users/hokuma/Library/Android/sdk/ndk/19.2.5345600/toolchains/llvm/prebuilt/darwin-x86_64/sysroot/usr/lib/i686-linux-android -L/Users/hokuma/Library/Android/sdk/ndk/19.2.5345600/toolchains/llvm/prebuilt/darwin-x86_64/lib/gcc/i686-linux-android/4.9.x/../../../../i686-linux-android/lib -L/Users/hokuma/Library/Android/sdk/ndk/19.2.5345600/toolchains/llvm/prebuilt/darwin-x86_64/sysroot/usr/lib --exclude-libs libgcc.a --exclude-libs libatomic.a --build-id --warn-shared-textrel --fatal-warnings --no-undefined -z noexecstack -z relro -z now --gc-sections CMakeFiles/cmTC_12826.dir/CMakeCXXCompilerABI.cpp.o -Bstatic -lc++ -Bdynamic -lm -lgcc -lgcc -ldl -lc -lgcc -lgcc -ldl /Users/hokuma/Library/Android/sdk/ndk/19.2.5345600/toolchains/llvm/prebuilt/darwin-x86_64/sysroot/usr/lib/i686-linux-android/16/crtend_android.o]
    arg [/Users/hokuma/Library/Android/sdk/ndk/19.2.5345600/toolchains/llvm/prebuilt/darwin-x86_64/lib/gcc/i686-linux-android/4.9.x/../../../../i686-linux-android/bin/ld] ==> ignore
    arg [--sysroot=/Users/hokuma/Library/Android/sdk/ndk/19.2.5345600/toolchains/llvm/prebuilt/darwin-x86_64/sysroot] ==> ignore
    arg [-pie] ==> ignore
    arg [--enable-new-dtags] ==> ignore
    arg [--eh-frame-hdr] ==> ignore
    arg [-m] ==> ignore
    arg [elf_i386] ==> ignore
    arg [-dynamic-linker] ==> ignore
    arg [/system/bin/linker] ==> ignore
    arg [-o] ==> ignore
    arg [cmTC_12826] ==> ignore
    arg [/Users/hokuma/Library/Android/sdk/ndk/19.2.5345600/toolchains/llvm/prebuilt/darwin-x86_64/sysroot/usr/lib/i686-linux-android/16/crtbegin_dynamic.o] ==> ignore
    arg [-L/Users/hokuma/Library/Android/sdk/ndk/19.2.5345600/toolchains/llvm/prebuilt/darwin-x86_64/lib64/clang/8.0.2/lib/linux/i386] ==> dir [/Users/hokuma/Library/Android/sdk/ndk/19.2.5345600/toolchains/llvm/prebuilt/darwin-x86_64/lib64/clang/8.0.2/lib/linux/i386]
    arg [-L/Users/hokuma/Library/Android/sdk/ndk/19.2.5345600/toolchains/llvm/prebuilt/darwin-x86_64/lib/gcc/i686-linux-android/4.9.x] ==> dir [/Users/hokuma/Library/Android/sdk/ndk/19.2.5345600/toolchains/llvm/prebuilt/darwin-x86_64/lib/gcc/i686-linux-android/4.9.x]
    arg [-L/Users/hokuma/Library/Android/sdk/ndk/19.2.5345600/toolchains/llvm/prebuilt/darwin-x86_64/sysroot/usr/lib/i686-linux-android/16] ==> dir [/Users/hokuma/Library/Android/sdk/ndk/19.2.5345600/toolchains/llvm/prebuilt/darwin-x86_64/sysroot/usr/lib/i686-linux-android/16]
    arg [-L/Users/hokuma/Library/Android/sdk/ndk/19.2.5345600/toolchains/llvm/prebuilt/darwin-x86_64/sysroot/usr/lib/i686-linux-android] ==> dir [/Users/hokuma/Library/Android/sdk/ndk/19.2.5345600/toolchains/llvm/prebuilt/darwin-x86_64/sysroot/usr/lib/i686-linux-android]
    arg [-L/Users/hokuma/Library/Android/sdk/ndk/19.2.5345600/toolchains/llvm/prebuilt/darwin-x86_64/lib/gcc/i686-linux-android/4.9.x/../../../../i686-linux-android/lib] ==> dir [/Users/hokuma/Library/Android/sdk/ndk/19.2.5345600/toolchains/llvm/prebuilt/darwin-x86_64/lib/gcc/i686-linux-android/4.9.x/../../../../i686-linux-android/lib]
    arg [-L/Users/hokuma/Library/Android/sdk/ndk/19.2.5345600/toolchains/llvm/prebuilt/darwin-x86_64/sysroot/usr/lib] ==> dir [/Users/hokuma/Library/Android/sdk/ndk/19.2.5345600/toolchains/llvm/prebuilt/darwin-x86_64/sysroot/usr/lib]
    arg [--exclude-libs] ==> ignore
    arg [libgcc.a] ==> ignore
    arg [--exclude-libs] ==> ignore
    arg [libatomic.a] ==> ignore
    arg [--build-id] ==> ignore
    arg [--warn-shared-textrel] ==> ignore
    arg [--fatal-warnings] ==> ignore
    arg [--no-undefined] ==> ignore
    arg [-znoexecstack] ==> ignore
    arg [-zrelro] ==> ignore
    arg [-znow] ==> ignore
    arg [--gc-sections] ==> ignore
    arg [CMakeFiles/cmTC_12826.dir/CMakeCXXCompilerABI.cpp.o] ==> ignore
    arg [-Bstatic] ==> ignore
    arg [-lc++] ==> lib [c++]
    arg [-Bdynamic] ==> ignore
    arg [-lm] ==> lib [m]
    arg [-lgcc] ==> lib [gcc]
    arg [-lgcc] ==> lib [gcc]
    arg [-ldl] ==> lib [dl]
    arg [-lc] ==> lib [c]
    arg [-lgcc] ==> lib [gcc]
    arg [-lgcc] ==> lib [gcc]
    arg [-ldl] ==> lib [dl]
    arg [/Users/hokuma/Library/Android/sdk/ndk/19.2.5345600/toolchains/llvm/prebuilt/darwin-x86_64/sysroot/usr/lib/i686-linux-android/16/crtend_android.o] ==> ignore
  collapse library dir [/Users/hokuma/Library/Android/sdk/ndk/19.2.5345600/toolchains/llvm/prebuilt/darwin-x86_64/lib64/clang/8.0.2/lib/linux/i386] ==> [/Users/hokuma/Library/Android/sdk/ndk/19.2.5345600/toolchains/llvm/prebuilt/darwin-x86_64/lib64/clang/8.0.2/lib/linux/i386]
  collapse library dir [/Users/hokuma/Library/Android/sdk/ndk/19.2.5345600/toolchains/llvm/prebuilt/darwin-x86_64/lib/gcc/i686-linux-android/4.9.x] ==> [/Users/hokuma/Library/Android/sdk/ndk/19.2.5345600/toolchains/llvm/prebuilt/darwin-x86_64/lib/gcc/i686-linux-android/4.9.x]
  collapse library dir [/Users/hokuma/Library/Android/sdk/ndk/19.2.5345600/toolchains/llvm/prebuilt/darwin-x86_64/sysroot/usr/lib/i686-linux-android/16] ==> [/Users/hokuma/Library/Android/sdk/ndk/19.2.5345600/toolchains/llvm/prebuilt/darwin-x86_64/sysroot/usr/lib/i686-linux-android/16]
  collapse library dir [/Users/hokuma/Library/Android/sdk/ndk/19.2.5345600/toolchains/llvm/prebuilt/darwin-x86_64/sysroot/usr/lib/i686-linux-android] ==> [/Users/hokuma/Library/Android/sdk/ndk/19.2.5345600/toolchains/llvm/prebuilt/darwin-x86_64/sysroot/usr/lib/i686-linux-android]
  collapse library dir [/Users/hokuma/Library/Android/sdk/ndk/19.2.5345600/toolchains/llvm/prebuilt/darwin-x86_64/lib/gcc/i686-linux-android/4.9.x/../../../../i686-linux-android/lib] ==> [/Users/hokuma/Library/Android/sdk/ndk/19.2.5345600/toolchains/llvm/prebuilt/darwin-x86_64/i686-linux-android/lib]
  collapse library dir [/Users/hokuma/Library/Android/sdk/ndk/19.2.5345600/toolchains/llvm/prebuilt/darwin-x86_64/sysroot/usr/lib] ==> [/Users/hokuma/Library/Android/sdk/ndk/19.2.5345600/toolchains/llvm/prebuilt/darwin-x86_64/sysroot/usr/lib]
  implicit libs: [c++;m;gcc;gcc;dl;c;gcc;gcc;dl]
  implicit dirs: [/Users/hokuma/Library/Android/sdk/ndk/19.2.5345600/toolchains/llvm/prebuilt/darwin-x86_64/lib64/clang/8.0.2/lib/linux/i386;/Users/hokuma/Library/Android/sdk/ndk/19.2.5345600/toolchains/llvm/prebuilt/darwin-x86_64/lib/gcc/i686-linux-android/4.9.x;/Users/hokuma/Library/Android/sdk/ndk/19.2.5345600/toolchains/llvm/prebuilt/darwin-x86_64/sysroot/usr/lib/i686-linux-android/16;/Users/hokuma/Library/Android/sdk/ndk/19.2.5345600/toolchains/llvm/prebuilt/darwin-x86_64/sysroot/usr/lib/i686-linux-android;/Users/hokuma/Library/Android/sdk/ndk/19.2.5345600/toolchains/llvm/prebuilt/darwin-x86_64/i686-linux-android/lib;/Users/hokuma/Library/Android/sdk/ndk/19.2.5345600/toolchains/llvm/prebuilt/darwin-x86_64/sysroot/usr/lib]
  implicit fwks: []


